<?xml version="1.0" encoding="UTF-8"?>
<!-- Generated by org.testng.reporters.JUnitReportReporter -->
<testsuite hostname="DESKTOP-9ULCK88" failures="0" tests="2" name="testCases.demoqa_sanity" time="28.983" errors="0" timestamp="2024-03-17T20:06:50 IST" skipped="0">
  <testcase classname="testCases.demoqa_sanity" name="TC01_login" time="15.580"/>
  <system-out/>
  <testcase classname="testCases.demoqa_sanity" name="TC01_login_fails_with_invalid_credentials" time="13.403"/>
  <system-out/>
</testsuite> <!-- testCases.demoqa_sanity -->
