<?xml version="1.0" encoding="UTF-8"?>
<!-- Generated by org.testng.reporters.JUnitReportReporter -->
<testsuite hostname="DESKTOP-9ULCK88" failures="0" tests="2" name="testCases.demoqa_sanity" time="30.590" errors="0" timestamp="2024-03-31T18:50:35 IST" skipped="0">
  <testcase classname="testCases.demoqa_sanity" name="TC01_login" time="15.640"/>
  <system-out/>
  <testcase classname="testCases.demoqa_sanity" name="TC01_login_fails_with_invalid_credentials" time="14.950"/>
  <system-out/>
</testsuite> <!-- testCases.demoqa_sanity -->
