<?xml version="1.0" encoding="UTF-8"?>
<!-- Generated by org.testng.reporters.JUnitReportReporter -->
<testsuite hostname="DESKTOP-9ULCK88" failures="0" tests="1" name="tesstCases.demoqa_sanity" time="10.795" errors="0" timestamp="2024-01-27T08:15:31 IST" skipped="0">
  <testcase classname="tesstCases.demoqa_sanity" name="TC01_login" time="10.795"/>
  <system-out/>
</testsuite> <!-- tesstCases.demoqa_sanity -->
