<?xml version="1.0" encoding="UTF-8"?>
<!-- Generated by org.testng.reporters.JUnitReportReporter -->
<testsuite hostname="DESKTOP-9ULCK88" failures="0" tests="1" name="testCases.demoqa_sanity" time="13.349" errors="0" timestamp="2024-03-17T15:41:56 IST" skipped="0">
  <testcase classname="testCases.demoqa_sanity" name="TC01_login" time="13.349"/>
  <system-out/>
</testsuite> <!-- testCases.demoqa_sanity -->
