<?xml version="1.0" encoding="UTF-8"?>
<!-- Generated by org.testng.reporters.JUnitReportReporter -->
<testsuite hostname="DESKTOP-9ULCK88" failures="0" tests="2" name="tesstcases.testbase" time="0.296" errors="0" timestamp="2024-01-26T08:16:50 IST" skipped="0">
  <testcase classname="tesstcases.testbase" name="login" time="0.293"/>
  <system-out/>
  <testcase classname="tesstcases.testbase" name="sayHello" time="0.003"/>
  <system-out/>
</testsuite> <!-- tesstcases.testbase -->
